<?xml version="1.0" encoding="UTF-8"?>
<testng-results total="0" passed="0" failed="0" skipped="0">
  <reporter-output>
  </reporter-output>
  <suite started-at="2018-06-03T08:11:02Z" name="Cucumber.PAO1.AppTest" finished-at="2018-06-03T08:11:02Z" duration-ms="3">
    <groups>
    </groups>
    <test started-at="2018-06-03T08:11:02Z" name="Command line test" finished-at="2018-06-03T08:11:02Z" duration-ms="3">
    </test> <!-- Command line test -->
  </suite> <!-- Cucumber.PAO1.AppTest -->
</testng-results>
